<?xml version="1.0" encoding="UTF-8"?>
<!-- Generated by org.testng.reporters.JUnitXMLReporter -->
<testsuite ignored="0" hostname="WINDOWS-PC" failures="0" tests="2" name="BankingApp Test" time="30.524" errors="0" timestamp="26 Apr 2021 23:20:24 GMT">
  <testcase classname="com.inetbanking.testCases.TC_LoginTest_001" name="loginTest" time="2.022"/>
  <testcase classname="com.inetbanking.testCases.TC_AddCustomerTest_003" name="addNewCustomer" time="14.081"/>
</testsuite> <!-- BankingApp Test -->
